frontend/app/build/app/intermediates/manifest_merge_blame_file/release/manifest-merger-blame-release-report.txt
1<?xml version="1.0" encoding="utf-8"?>
2<manifest xmlns:android="http://schemas.android.com/apk/res/android"
3    package="com.example.flutter_application"
4    android:versionCode="1"
5    android:versionName="1.0.0" >
6
7    <uses-sdk
8        android:minSdkVersion="21"
8-->src/main/AndroidManifest.xml
9        android:targetSdkVersion="34" />
9-->src/main/AndroidManifest.xml
10    <!--
11         Required to query activities that can process text, see:
12         https://developer.android.com/training/package-visibility?hl=en and
13         https://developer.android.com/reference/android/content/Intent#ACTION_PROCESS_TEXT.
14
15         In particular, this is used by the Flutter engine in io.flutter.plugin.text.ProcessTextPlugin.
16    -->
17    <queries>
17-->src/main/AndroidManifest.xml:38:5-43:15
18        <intent>
18-->src/main/AndroidManifest.xml:39:9-42:18
19            <action android:name="android.intent.action.PROCESS_TEXT" />
19-->src/main/AndroidManifest.xml:40:13-72
19-->src/main/AndroidManifest.xml:40:21-70
20
21            <data android:mimeType="text/plain" />
21-->src/main/AndroidManifest.xml:41:13-50
21-->src/main/AndroidManifest.xml:41:19-48
22        </intent>
23        <intent>
23-->[:flutter_inappwebview] AndroidManifest.xml:10:9-12:18
24            <action android:name="android.support.customtabs.action.CustomTabsService" />
24-->[:flutter_inappwebview] AndroidManifest.xml:11:13-90
24-->[:flutter_inappwebview] AndroidManifest.xml:11:21-87
25        </intent>
26    </queries>
27
28    <application
29        android:name="android.app.Application"
29-->src/main/AndroidManifest.xml:4:9-42
30        android:appComponentFactory="androidx.core.app.CoreComponentFactory"
30-->[androidx.core:core:1.8.0] AndroidManifest.xml:24:18-86
31        android:icon="@mipmap/ic_launcher"
31-->src/main/AndroidManifest.xml:5:9-43
32        android:label="flutter_application" >
32-->src/main/AndroidManifest.xml:3:9-44
33        <activity
33-->src/main/AndroidManifest.xml:6:9-26:20
34            android:name="com.example.flutter_application.MainActivity"
34-->src/main/AndroidManifest.xml:7:13-41
35            android:configChanges="orientation|keyboardHidden|keyboard|screenSize|smallestScreenSize|locale|layoutDirection|fontScale|screenLayout|density|uiMode"
35-->src/main/AndroidManifest.xml:11:13-163
36            android:exported="true"
36-->src/main/AndroidManifest.xml:8:13-36
37            android:hardwareAccelerated="true"
37-->src/main/AndroidManifest.xml:12:13-47
38            android:launchMode="singleTop"
38-->src/main/AndroidManifest.xml:9:13-43
39            android:theme="@style/LaunchTheme"
39-->src/main/AndroidManifest.xml:10:13-47
40            android:windowSoftInputMode="adjustResize" >
40-->src/main/AndroidManifest.xml:13:13-55
41
42            <!--
43                 Specifies an Android theme to apply to this Activity as soon as
44                 the Android process has started. This theme is visible to the user
45                 while the Flutter UI initializes. After that, this theme continues
46                 to determine the Window background behind the Flutter UI.
47            -->
48            <meta-data
48-->src/main/AndroidManifest.xml:18:13-21:17
49                android:name="io.flutter.embedding.android.NormalTheme"
49-->src/main/AndroidManifest.xml:19:15-70
50                android:resource="@style/NormalTheme" />
50-->src/main/AndroidManifest.xml:20:15-52
51
52            <intent-filter>
52-->src/main/AndroidManifest.xml:22:13-25:29
53                <action android:name="android.intent.action.MAIN" />
53-->src/main/AndroidManifest.xml:23:17-68
53-->src/main/AndroidManifest.xml:23:25-66
54
55                <category android:name="android.intent.category.LAUNCHER" />
55-->src/main/AndroidManifest.xml:24:17-76
55-->src/main/AndroidManifest.xml:24:27-74
56            </intent-filter>
57        </activity>
58        <!--
59             Don't delete the meta-data below.
60             This is used by the Flutter tool to generate GeneratedPluginRegistrant.java
61        -->
62        <meta-data
62-->src/main/AndroidManifest.xml:29:9-31:33
63            android:name="flutterEmbedding"
63-->src/main/AndroidManifest.xml:30:13-44
64            android:value="2" />
64-->src/main/AndroidManifest.xml:31:13-30
65
66        <activity
66-->[:flutter_inappwebview] AndroidManifest.xml:16:9-20:47
67            android:name="com.pichillilorenzo.flutter_inappwebview.in_app_browser.InAppBrowserActivity"
67-->[:flutter_inappwebview] AndroidManifest.xml:17:13-104
68            android:configChanges="orientation|keyboardHidden|keyboard|screenSize|locale|layoutDirection|fontScale|screenLayout|density"
68-->[:flutter_inappwebview] AndroidManifest.xml:18:13-137
69            android:exported="false"
69-->[:flutter_inappwebview] AndroidManifest.xml:19:13-37
70            android:theme="@style/AppTheme" />
70-->[:flutter_inappwebview] AndroidManifest.xml:20:13-44
71        <activity
71-->[:flutter_inappwebview] AndroidManifest.xml:21:9-24:55
72            android:name="com.pichillilorenzo.flutter_inappwebview.chrome_custom_tabs.ChromeCustomTabsActivity"
72-->[:flutter_inappwebview] AndroidManifest.xml:22:13-112
73            android:exported="false"
73-->[:flutter_inappwebview] AndroidManifest.xml:23:13-37
74            android:theme="@style/ThemeTransparent" />
74-->[:flutter_inappwebview] AndroidManifest.xml:24:13-52
75        <activity
75-->[:flutter_inappwebview] AndroidManifest.xml:25:9-28:55
76            android:name="com.pichillilorenzo.flutter_inappwebview.chrome_custom_tabs.TrustedWebActivity"
76-->[:flutter_inappwebview] AndroidManifest.xml:26:13-106
77            android:exported="false"
77-->[:flutter_inappwebview] AndroidManifest.xml:27:13-37
78            android:theme="@style/ThemeTransparent" />
78-->[:flutter_inappwebview] AndroidManifest.xml:28:13-52
79        <activity
79-->[:flutter_inappwebview] AndroidManifest.xml:29:9-33:55
80            android:name="com.pichillilorenzo.flutter_inappwebview.chrome_custom_tabs.ChromeCustomTabsActivitySingleInstance"
80-->[:flutter_inappwebview] AndroidManifest.xml:30:13-126
81            android:exported="false"
81-->[:flutter_inappwebview] AndroidManifest.xml:31:13-37
82            android:launchMode="singleInstance"
82-->[:flutter_inappwebview] AndroidManifest.xml:32:13-48
83            android:theme="@style/ThemeTransparent" />
83-->[:flutter_inappwebview] AndroidManifest.xml:33:13-52
84        <activity
84-->[:flutter_inappwebview] AndroidManifest.xml:34:9-38:55
85            android:name="com.pichillilorenzo.flutter_inappwebview.chrome_custom_tabs.TrustedWebActivitySingleInstance"
85-->[:flutter_inappwebview] AndroidManifest.xml:35:13-120
86            android:exported="false"
86-->[:flutter_inappwebview] AndroidManifest.xml:36:13-37
87            android:launchMode="singleInstance"
87-->[:flutter_inappwebview] AndroidManifest.xml:37:13-48
88            android:theme="@style/ThemeTransparent" />
88-->[:flutter_inappwebview] AndroidManifest.xml:38:13-52
89
90        <receiver
90-->[:flutter_inappwebview] AndroidManifest.xml:40:9-43:40
91            android:name="com.pichillilorenzo.flutter_inappwebview.chrome_custom_tabs.ActionBroadcastReceiver"
91-->[:flutter_inappwebview] AndroidManifest.xml:41:13-111
92            android:enabled="true"
92-->[:flutter_inappwebview] AndroidManifest.xml:42:13-35
93            android:exported="false" />
93-->[:flutter_inappwebview] AndroidManifest.xml:43:13-37
94
95        <meta-data
95-->[:flutter_inappwebview] AndroidManifest.xml:45:9-47:36
96            android:name="io.flutter.embedded_views_preview"
96-->[:flutter_inappwebview] AndroidManifest.xml:46:13-61
97            android:value="true" />
97-->[:flutter_inappwebview] AndroidManifest.xml:47:13-33
98
99        <uses-library
99-->[androidx.window:window:1.0.0-beta04] AndroidManifest.xml:25:9-27:40
100            android:name="androidx.window.extensions"
100-->[androidx.window:window:1.0.0-beta04] AndroidManifest.xml:26:13-54
101            android:required="false" />
101-->[androidx.window:window:1.0.0-beta04] AndroidManifest.xml:27:13-37
102        <uses-library
102-->[androidx.window:window:1.0.0-beta04] AndroidManifest.xml:28:9-30:40
103            android:name="androidx.window.sidecar"
103-->[androidx.window:window:1.0.0-beta04] AndroidManifest.xml:29:13-51
104            android:required="false" />
104-->[androidx.window:window:1.0.0-beta04] AndroidManifest.xml:30:13-37
105
106        <provider
106-->[androidx.emoji2:emoji2:1.2.0] AndroidManifest.xml:24:9-32:20
107            android:name="androidx.startup.InitializationProvider"
107-->[androidx.emoji2:emoji2:1.2.0] AndroidManifest.xml:25:13-67
108            android:authorities="com.example.flutter_application.androidx-startup"
108-->[androidx.emoji2:emoji2:1.2.0] AndroidManifest.xml:26:13-68
109            android:exported="false" >
109-->[androidx.emoji2:emoji2:1.2.0] AndroidManifest.xml:27:13-37
110            <meta-data
110-->[androidx.emoji2:emoji2:1.2.0] AndroidManifest.xml:29:13-31:52
111                android:name="androidx.emoji2.text.EmojiCompatInitializer"
111-->[androidx.emoji2:emoji2:1.2.0] AndroidManifest.xml:30:17-75
112                android:value="androidx.startup" />
112-->[androidx.emoji2:emoji2:1.2.0] AndroidManifest.xml:31:17-49
113            <meta-data
113-->[androidx.lifecycle:lifecycle-process:2.4.1] AndroidManifest.xml:31:13-33:52
114                android:name="androidx.lifecycle.ProcessLifecycleInitializer"
114-->[androidx.lifecycle:lifecycle-process:2.4.1] AndroidManifest.xml:32:17-78
115                android:value="androidx.startup" />
115-->[androidx.lifecycle:lifecycle-process:2.4.1] AndroidManifest.xml:33:17-49
116        </provider>
117    </application>
118
119</manifest>